2018-05-02 19:43:54 INFO  MainController:55 - Visit main page
2018-05-02 19:44:01 INFO  UserController:49 - Someone Signed In
2018-05-02 19:44:01 INFO  MainController:55 - Visit main page
2018-05-02 20:27:47 INFO  MainController:55 - Visit main page
2018-05-02 22:26:05 INFO  MainController:55 - Visit main page
2018-05-02 22:31:24 INFO  MainController:55 - Visit main page
2018-05-02 22:31:31 INFO  MainController:55 - Visit main page
2018-05-02 22:38:36 INFO  MainController:55 - Visit main page
2018-05-02 22:39:54 INFO  MainController:55 - Visit main page
2018-05-02 22:44:52 INFO  MainController:55 - Visit main page
2018-05-02 22:46:06 INFO  MainController:55 - Visit main page
2018-05-02 22:47:36 INFO  MainController:55 - Visit main page
2018-05-02 22:48:10 INFO  MainController:55 - Visit main page
2018-05-02 22:51:29 INFO  MainController:55 - Visit main page
2018-05-02 22:55:45 INFO  MainController:55 - Visit main page
2018-05-02 22:57:45 INFO  MainController:55 - Visit main page
2018-05-02 22:58:17 INFO  MainController:55 - Visit main page
2018-05-02 22:58:40 INFO  MainController:55 - Visit main page
2018-05-02 22:59:43 INFO  MainController:55 - Visit main page
2018-05-02 23:00:28 INFO  MainController:55 - Visit main page
2018-05-04 18:31:32 INFO  MainController:55 - Visit main page
2018-05-04 18:37:57 INFO  MainController:55 - Visit main page
2018-05-04 18:38:17 INFO  MainController:55 - Visit main page
2018-05-04 18:39:18 INFO  MainController:55 - Visit main page
2018-05-04 18:39:18 INFO  MainController:55 - Visit main page
2018-05-04 18:39:20 INFO  MainController:55 - Visit main page
2018-05-04 18:39:22 INFO  MainController:55 - Visit main page
2018-05-04 18:45:05 INFO  MainController:55 - Visit main page
2018-05-04 18:45:06 INFO  MainController:55 - Visit main page
2018-05-04 18:45:11 INFO  MainController:55 - Visit main page
2018-05-04 18:45:13 INFO  MainController:55 - Visit main page
2018-05-05 15:22:39 INFO  MainController:55 - Visit main page
2018-05-05 15:23:05 INFO  MainController:55 - Visit main page
2018-05-05 15:23:16 INFO  MainController:55 - Visit main page
2018-05-05 15:23:23 INFO  MainController:55 - Visit main page
2018-05-05 15:29:14 INFO  MainController:55 - Visit main page
2018-05-05 15:29:36 INFO  MainController:55 - Visit main page
2018-05-05 15:29:50 INFO  MainController:55 - Visit main page
2018-05-05 15:48:22 INFO  MainController:55 - Visit main page
2018-05-05 15:48:57 INFO  MainController:55 - Visit main page
2018-05-05 15:49:45 INFO  MainController:55 - Visit main page
2018-05-09 12:35:23 INFO  MainController:55 - Visit main page
2018-05-09 12:53:00 INFO  MainController:55 - Visit main page
2018-05-09 12:53:22 INFO  MainController:55 - Visit main page
2018-05-09 12:54:51 INFO  MainController:55 - Visit main page
2018-05-09 12:57:02 INFO  MainController:55 - Visit main page
2018-05-09 12:58:03 INFO  MainController:55 - Visit main page
2018-05-09 12:58:28 INFO  MainController:55 - Visit main page
2018-05-09 14:28:33 INFO  MainController:58 - Visit main page
2018-05-09 14:38:07 INFO  MainController:79 - New Article Added
2018-05-09 14:38:12 INFO  MainController:58 - Visit main page
2018-05-09 14:40:40 INFO  MainController:58 - Visit main page
2018-05-09 14:41:16 INFO  MainController:58 - Visit main page
2018-05-09 14:52:42 INFO  MainController:58 - Visit main page
2018-05-09 14:54:50 INFO  MainController:58 - Visit main page
2018-05-09 14:56:21 INFO  MainController:58 - Visit main page
2018-05-09 14:59:08 INFO  MainController:58 - Visit main page
2018-05-09 15:01:46 INFO  MainController:58 - Visit main page
2018-05-09 15:02:45 INFO  MainController:58 - Visit main page
2018-05-09 15:03:18 INFO  MainController:58 - Visit main page
2018-05-09 15:03:21 INFO  MainController:58 - Visit main page
2018-05-09 15:03:25 INFO  MainController:58 - Visit main page
2018-05-09 15:04:15 INFO  MainController:58 - Visit main page
2018-05-09 15:06:36 INFO  MainController:58 - Visit main page
2018-05-09 15:08:38 INFO  MainController:58 - Visit main page
2018-05-09 15:09:16 INFO  MainController:58 - Visit main page
2018-05-09 15:09:21 INFO  MainController:58 - Visit main page
2018-05-09 15:09:24 INFO  MainController:58 - Visit main page
2018-05-09 15:09:27 INFO  MainController:58 - Visit main page
2018-05-09 16:01:54 INFO  MainController:58 - Visit main page
2018-05-09 16:01:56 INFO  MainController:58 - Visit main page
2018-05-09 16:02:30 INFO  MainController:58 - Visit main page
2018-05-09 16:04:25 INFO  MainController:58 - Visit main page
2018-05-09 16:11:20 INFO  MainController:58 - Visit main page
2018-05-09 16:11:25 INFO  MainController:58 - Visit main page
2018-05-09 16:11:51 INFO  MainController:58 - Visit main page
2018-05-09 16:11:54 INFO  MainController:58 - Visit main page
2018-05-09 16:11:58 INFO  MainController:58 - Visit main page
2018-05-09 16:12:54 INFO  MainController:58 - Visit main page
2018-05-09 16:13:42 INFO  MainController:58 - Visit main page
2018-05-09 16:23:08 INFO  MainController:58 - Visit main page
2018-05-09 16:23:13 INFO  MainController:58 - Visit main page
2018-05-09 16:23:46 INFO  MainController:58 - Visit main page
2018-05-09 16:24:04 INFO  MainController:58 - Visit main page
2018-05-09 16:24:15 INFO  MainController:58 - Visit main page
2018-05-09 16:24:17 INFO  MainController:58 - Visit main page
2018-05-09 16:25:27 INFO  MainController:58 - Visit main page
2018-05-09 16:30:25 INFO  MainController:58 - Visit main page
2018-05-09 16:30:43 INFO  MainController:58 - Visit main page
2018-05-09 16:30:46 INFO  MainController:58 - Visit main page
2018-05-09 16:34:54 INFO  MainController:58 - Visit main page
2018-05-09 16:34:55 INFO  MainController:58 - Visit main page
2018-05-09 16:35:10 INFO  MainController:58 - Visit main page
2018-05-09 16:35:12 INFO  MainController:58 - Visit main page
2018-05-09 16:35:16 INFO  MainController:58 - Visit main page
2018-05-09 16:35:32 INFO  MainController:58 - Visit main page
2018-05-09 16:35:35 INFO  MainController:58 - Visit main page
2018-05-09 16:35:38 INFO  MainController:58 - Visit main page
2018-05-09 16:36:43 INFO  MainController:58 - Visit main page
2018-05-09 16:37:07 INFO  MainController:58 - Visit main page
2018-05-09 16:39:02 INFO  MainController:58 - Visit main page
2018-05-09 16:39:05 INFO  MainController:58 - Visit main page
2018-05-09 17:42:48 INFO  MainController:58 - Visit main page
2018-05-09 17:52:44 INFO  MainController:58 - Visit main page
2018-05-09 17:53:02 INFO  MainController:58 - Visit main page
2018-05-09 17:53:24 INFO  MainController:58 - Visit main page
2018-05-09 18:01:39 INFO  MainController:58 - Visit main page
2018-05-09 18:07:24 INFO  MainController:58 - Visit main page
2018-05-09 18:09:47 INFO  MainController:58 - Visit main page
2018-05-09 18:14:59 INFO  MainController:58 - Visit main page
2018-05-09 18:15:24 INFO  MainController:58 - Visit main page
2018-05-09 18:21:51 INFO  MainController:58 - Visit main page
2018-05-09 18:22:28 INFO  MainController:58 - Visit main page
2018-05-09 18:22:31 INFO  MainController:58 - Visit main page
2018-05-09 18:23:45 INFO  MainController:58 - Visit main page
2018-05-09 18:24:04 INFO  MainController:58 - Visit main page
2018-05-09 18:24:44 INFO  MainController:58 - Visit main page
2018-05-09 18:24:56 INFO  MainController:58 - Visit main page
2018-05-09 18:25:18 INFO  MainController:58 - Visit main page
2018-05-10 14:07:18 INFO  MainController:58 - Visit main page
2018-05-10 14:08:31 INFO  MainController:58 - Visit main page
2018-05-10 14:10:40 INFO  MainController:58 - Visit main page
2018-05-10 14:10:58 INFO  MainController:58 - Visit main page
2018-05-10 14:11:22 INFO  MainController:58 - Visit main page
2018-05-10 14:11:30 INFO  MainController:58 - Visit main page
2018-05-10 15:09:43 INFO  MainController:58 - Visit main page
2018-05-10 15:09:43 INFO  MainController:58 - Visit main page
2018-05-10 15:10:23 INFO  MainController:58 - Visit main page
2018-05-10 15:10:40 INFO  MainController:58 - Visit main page
2018-05-10 15:10:49 INFO  MainController:58 - Visit main page
2018-05-10 15:13:33 INFO  MainController:58 - Visit main page
2018-05-10 15:25:03 INFO  MainController:58 - Visit main page
2018-05-10 15:25:04 INFO  MainController:58 - Visit main page
2018-05-11 16:44:53 INFO  MainController:58 - Visit main page
2018-05-11 16:44:53 INFO  MainController:58 - Visit main page
2018-05-11 16:45:27 INFO  MainController:58 - Visit main page
2018-05-11 18:27:09 INFO  MainController:58 - Visit main page
2018-05-11 18:27:09 INFO  MainController:58 - Visit main page
2018-05-11 18:27:19 INFO  MainController:58 - Visit main page
2018-05-11 18:27:26 INFO  MainController:58 - Visit main page
2018-05-11 18:28:51 INFO  MainController:58 - Visit main page
2018-05-11 18:30:46 INFO  MainController:58 - Visit main page
2018-05-11 18:33:23 INFO  MainController:58 - Visit main page
2018-05-11 19:33:06 INFO  MainController:58 - Visit main page
2018-05-11 20:11:11 INFO  MainController:58 - Visit main page
2018-05-11 20:14:07 INFO  MainController:79 - New Article Added
2018-05-11 20:17:23 INFO  MainController:79 - New Article Added
2018-05-11 20:18:25 INFO  MainController:79 - New Article Added
2018-05-11 20:20:32 INFO  MainController:79 - New Article Added
2018-05-11 20:20:36 INFO  MainController:58 - Visit main page
2018-05-11 20:22:45 INFO  MainController:58 - Visit main page
2018-05-11 20:24:15 INFO  MainController:79 - New Article Added
2018-05-11 20:24:18 INFO  MainController:58 - Visit main page
2018-05-11 20:24:45 INFO  MainController:58 - Visit main page
2018-05-11 20:28:34 INFO  MainController:58 - Visit main page
2018-05-11 20:31:57 INFO  MainController:58 - Visit main page
2018-05-11 20:32:13 INFO  MainController:58 - Visit main page
2018-05-11 20:32:18 INFO  MainController:58 - Visit main page
2018-05-11 20:44:09 INFO  MainController:58 - Visit main page
2018-05-11 20:44:25 INFO  MainController:58 - Visit main page
2018-05-11 21:17:56 INFO  MainController:79 - New Article Added
2018-05-11 21:18:00 INFO  MainController:58 - Visit main page
2018-05-11 21:18:16 INFO  MainController:58 - Visit main page
2018-05-11 21:21:34 INFO  MainController:58 - Visit main page
2018-05-11 21:24:39 INFO  MainController:58 - Visit main page
2018-05-11 21:28:08 INFO  MainController:58 - Visit main page
2018-05-11 21:28:11 INFO  MainController:58 - Visit main page
2018-05-11 21:29:46 INFO  MainController:58 - Visit main page
2018-05-11 21:31:09 INFO  MainController:58 - Visit main page
2018-05-11 21:35:32 INFO  MainController:58 - Visit main page
2018-05-11 21:41:55 INFO  MainController:58 - Visit main page
2018-05-11 21:42:41 INFO  MainController:58 - Visit main page
2018-05-11 21:46:14 INFO  MainController:58 - Visit main page
2018-05-11 21:46:40 INFO  MainController:58 - Visit main page
2018-05-11 21:47:56 INFO  MainController:58 - Visit main page
2018-05-11 21:49:02 INFO  MainController:58 - Visit main page
2018-05-11 21:50:19 INFO  MainController:58 - Visit main page
2018-05-11 21:51:20 INFO  MainController:58 - Visit main page
2018-05-11 21:51:46 INFO  MainController:58 - Visit main page
2018-05-11 21:52:16 INFO  MainController:58 - Visit main page
2018-05-11 21:52:38 INFO  MainController:58 - Visit main page
2018-05-12 11:01:31 INFO  MainController:67 - Visit main page
2018-05-12 11:01:45 INFO  MainController:67 - Visit main page
2018-05-12 11:01:51 INFO  MainController:67 - Visit main page
2018-05-12 11:02:29 INFO  MainController:67 - Visit main page
2018-05-12 11:02:39 INFO  MainController:67 - Visit main page
2018-05-12 11:02:48 INFO  MainController:67 - Visit main page
2018-05-13 19:27:33 INFO  MainController:67 - Visit main page
2018-05-13 19:27:56 INFO  MainController:67 - Visit main page
2018-05-13 19:28:17 INFO  MainController:67 - Visit main page
2018-05-13 19:28:27 INFO  MainController:67 - Visit main page
2018-05-13 19:32:59 INFO  MainController:67 - Visit main page
2018-05-13 19:37:31 INFO  MainController:67 - Visit main page
2018-05-14 11:21:16 INFO  MainController:67 - Visit main page
2018-05-14 11:21:16 INFO  MainController:67 - Visit main page
2018-05-14 11:25:15 INFO  MainController:67 - Visit main page
2018-05-14 16:13:31 INFO  MainController:67 - Visit main page
2018-05-14 16:13:31 INFO  MainController:67 - Visit main page
2018-05-14 18:24:30 INFO  MainController:67 - Visit main page
2018-05-14 18:27:14 ERROR DataBaseWork:26 - Hibernate Connection Error
2018-05-14 18:27:14 INFO  UserController:63 - New Article Offered
2018-05-14 18:27:21 INFO  MainController:67 - Visit main page
2018-05-14 18:28:19 INFO  MainController:67 - Visit main page
2018-05-14 18:29:10 INFO  UserController:63 - New Article Offered
2018-05-14 18:41:01 INFO  MainController:67 - Visit main page
2018-05-14 18:41:05 INFO  UserController:101 - Someone Offered New Article
2018-05-14 19:07:42 INFO  OfferController:72 - Someone Offered New Article
2018-05-14 19:08:47 INFO  OfferController:72 - Someone Offered New Article
2018-05-14 19:10:03 INFO  OfferController:72 - Someone Offered New Article
2018-05-14 19:11:45 INFO  OfferController:72 - Someone Offered New Article
2018-05-14 19:13:19 INFO  OfferController:69 - Someone Offered New Article
2018-05-14 19:14:31 INFO  OfferController:69 - Someone Offered New Article
2018-05-14 19:22:13 INFO  OfferController:69 - Someone Offered New Article
2018-05-14 19:22:31 INFO  MainController:67 - Visit main page
2018-05-14 19:23:41 INFO  OfferController:69 - Someone Offered New Article
2018-05-14 19:23:48 INFO  MainController:67 - Visit main page
2018-05-14 19:23:50 INFO  MainController:67 - Visit main page
2018-05-14 19:24:18 INFO  MainController:67 - Visit main page
2018-05-14 19:24:22 INFO  OfferController:69 - Someone Offered New Article
2018-05-14 19:24:27 INFO  MainController:67 - Visit main page
2018-05-14 19:30:08 INFO  MainController:67 - Visit main page
2018-05-14 19:31:16 INFO  MainController:67 - Visit main page
2018-05-14 19:32:20 INFO  MainController:67 - Visit main page
2018-05-14 19:33:30 INFO  MainController:67 - Visit main page
2018-05-14 19:34:20 INFO  MainController:67 - Visit main page
2018-05-14 19:38:22 INFO  MainController:67 - Visit main page
2018-05-14 19:40:24 INFO  MainController:67 - Visit main page
2018-05-14 19:49:13 WARN  DataBaseWork:42 - Something Was Deleted From Database.
2018-05-14 19:49:59 WARN  DataBaseWork:42 - Something Was Deleted From Database.
2018-05-14 19:55:27 WARN  DataBaseWork:42 - Something Was Deleted From Database.
2018-05-14 20:05:24 INFO  MainController:67 - Visit main page
2018-05-14 20:06:09 INFO  MainController:67 - Visit main page
2018-05-14 20:06:16 INFO  MainController:67 - Visit main page
2018-05-14 20:06:23 INFO  MainController:67 - Visit main page
2018-05-14 20:06:27 INFO  MainController:67 - Visit main page
2018-05-14 21:17:05 INFO  MainController:88 - New Article Added
2018-05-14 21:17:11 INFO  MainController:67 - Visit main page
2018-05-14 21:18:47 INFO  OfferController:33 - Someone want to offer new article
2018-05-14 21:19:44 INFO  OfferController:47 - New Article Offered
2018-05-14 21:19:57 WARN  DataBaseWork:42 - Something Was Deleted From Database.
2018-05-14 21:20:01 INFO  MainController:67 - Visit main page
2018-05-14 21:21:13 INFO  OfferController:33 - Someone want to offer new article
2018-05-14 21:21:52 INFO  OfferController:47 - New Article Offered
2018-05-14 21:31:57 INFO  MainController:67 - Visit main page
2018-05-14 21:32:01 INFO  OfferController:34 - Someone want to offer new article
2018-05-14 21:32:14 WARN  DataBaseWork:42 - Something Was Deleted From Database.
2018-05-14 21:32:18 INFO  MainController:67 - Visit main page
2018-05-14 21:47:39 INFO  MainController:67 - Visit main page
2018-05-14 21:47:43 INFO  OfferController:34 - Someone want to offer new article
2018-05-14 21:49:30 INFO  OfferController:49 - New Article Offered
2018-05-14 21:50:38 INFO  OfferController:34 - Someone want to offer new article
2018-05-14 21:50:43 INFO  OfferController:50 - New Article Offered
2018-05-14 21:51:47 INFO  OfferController:34 - Someone want to offer new article
2018-05-14 21:51:50 INFO  OfferController:51 - New Article Offered
2018-05-14 21:51:59 INFO  MainController:67 - Visit main page
2018-05-14 21:52:08 INFO  OfferController:75 - Load Offered Articles: 3
2018-05-14 21:52:34 INFO  OfferController:75 - Load Offered Articles: 3
2018-05-14 21:52:38 INFO  OfferController:75 - Load Offered Articles: 3
2018-05-14 21:52:44 WARN  DataBaseWork:42 - Something Was Deleted From Database.
2018-05-14 21:52:44 INFO  OfferController:106 - Admin Denied Article
2018-05-14 21:52:44 INFO  OfferController:75 - Load Offered Articles: 2
2018-05-14 21:52:49 WARN  DataBaseWork:42 - Something Was Deleted From Database.
2018-05-14 21:52:49 INFO  OfferController:106 - Admin Denied Article
2018-05-14 21:52:49 INFO  OfferController:75 - Load Offered Articles: 1
2018-05-14 21:52:55 INFO  OfferController:75 - Load Offered Articles: 1
2018-05-14 21:52:59 INFO  MainController:67 - Visit main page
2018-05-14 21:53:31 INFO  OfferController:75 - Load Offered Articles: 1
2018-05-15 18:18:43 INFO  MainController:67 - Visit main page
2018-05-15 18:18:44 INFO  MainController:67 - Visit main page
2018-05-15 18:18:53 INFO  MainController:67 - Visit main page
2018-05-15 18:23:32 INFO  MainController:67 - Visit main page
2018-05-15 18:24:04 INFO  OfferController:34 - Someone want to offer new article
2018-05-15 18:24:56 INFO  OfferController:35 - Someone want to offer new article
2018-05-15 18:27:44 INFO  MainController:67 - Visit main page
2018-05-15 18:27:54 INFO  OfferController:35 - Someone want to offer new article
2018-05-16 09:31:08 INFO  MainController:67 - Visit main page
2018-05-16 09:31:58 INFO  MainController:67 - Visit main page
2018-05-16 09:33:24 INFO  MainController:67 - Visit main page
2018-05-16 09:33:43 INFO  OfferController:35 - Someone want to offer new article
2018-05-16 09:35:17 INFO  MainController:67 - Visit main page
2018-05-16 09:35:26 INFO  OfferController:76 - Load Offered Articles: 1
2018-05-16 09:35:32 INFO  MainController:67 - Visit main page
2018-05-16 09:35:36 INFO  OfferController:76 - Load Offered Articles: 1
2018-05-16 09:36:44 INFO  OfferController:76 - Load Offered Articles: 1
2018-05-16 09:36:49 WARN  DataBaseWork:42 - Something Was Deleted From Database.
2018-05-16 09:36:49 INFO  OfferController:108 - Admin Denied Article
2018-05-16 09:36:49 INFO  OfferController:76 - Load Offered Articles: 0
2018-05-16 09:36:53 INFO  MainController:67 - Visit main page
2018-05-16 12:01:16 INFO  MainController:67 - Visit main page
2018-05-16 12:01:18 INFO  MainController:67 - Visit main page
2018-05-16 12:01:47 INFO  MainController:67 - Visit main page
2018-05-16 12:04:44 INFO  MainController:67 - Visit main page
2018-05-16 12:04:51 INFO  OfferController:35 - Someone want to offer new article
2018-05-16 12:05:06 INFO  OfferController:76 - Load Offered Articles: 0
2018-05-16 12:06:22 INFO  MainController:67 - Visit main page
2018-05-16 12:06:38 INFO  MainController:67 - Visit main page
2018-05-16 12:08:26 INFO  MainController:67 - Visit main page
2018-05-16 12:08:33 INFO  OfferController:35 - Someone want to offer new article
2018-05-16 12:11:36 INFO  MainController:67 - Visit main page
2018-05-16 12:11:51 INFO  MainController:67 - Visit main page
2018-05-16 12:17:58 INFO  MainController:67 - Visit main page
2018-05-16 12:18:11 INFO  MainController:67 - Visit main page
2018-05-16 12:38:31 INFO  MainController:67 - Visit main page
2018-05-18 22:13:45 INFO  MainController:63 - Visit main page
2018-05-18 22:13:46 INFO  MainController:63 - Visit main page
2018-05-18 22:14:04 INFO  MainController:63 - Visit main page
2018-05-18 22:14:07 INFO  MainController:63 - Visit main page
2018-05-18 22:14:59 INFO  MainController:63 - Visit main page
2018-05-19 15:24:18 INFO  MainController:63 - Visit main page
2018-05-19 15:24:19 INFO  MainController:63 - Visit main page
2018-05-19 15:24:40 INFO  MainController:63 - Visit main page
2018-05-20 15:47:47 INFO  MainController:59 - Visit main page
2018-05-20 15:47:48 INFO  MainController:59 - Visit main page
2018-05-20 17:18:51 INFO  MainController:59 - Visit main page
2018-05-20 17:20:23 INFO  MainController:59 - Visit main page
2018-05-20 17:21:22 INFO  MainController:59 - Visit main page
2018-05-20 17:49:16 INFO  MainController:59 - Visit main page
2018-05-20 17:54:07 INFO  OfferController:76 - Load Offered Articles: 0
2018-05-20 17:55:35 INFO  OfferController:76 - Load Offered Articles: 0
2018-05-20 17:56:01 INFO  MainController:59 - Visit main page
2018-05-20 18:05:01 INFO  MainController:59 - Visit main page
2018-05-20 18:30:09 INFO  MainController:59 - Visit main page
2018-05-20 18:30:26 ERROR DataBaseWork:26 - Hibernate Connection Error
2018-05-20 18:32:32 INFO  MainController:59 - Visit main page
2018-05-20 18:51:36 INFO  MainController:59 - Visit main page
2018-05-22 18:40:30 INFO  MainController:59 - Visit main page
2018-05-22 18:41:37 INFO  MainController:59 - Visit main page
2018-05-22 18:53:01 INFO  MainController:59 - Visit main page
2018-05-22 18:53:13 INFO  MainController:59 - Visit main page
2018-05-22 18:53:22 INFO  MainController:59 - Visit main page
2018-05-22 19:00:32 INFO  MainController:59 - Visit main page
2018-05-22 19:08:17 INFO  MainController:59 - Visit main page
2018-05-22 19:11:26 INFO  MainController:59 - Visit main page
2018-05-22 20:09:08 INFO  MainController:59 - Visit main page
2018-05-22 20:10:50 INFO  MainController:59 - Visit main page
2018-05-22 20:11:29 INFO  MainController:59 - Visit main page
2018-05-23 12:28:51 INFO  MainController:59 - Visit main page
2018-05-23 12:30:42 INFO  MainController:59 - Visit main page
2018-05-23 12:31:12 INFO  OfferController:76 - Load Offered Articles: 0
2018-05-23 12:31:16 INFO  MainController:59 - Visit main page
2018-05-23 12:31:22 INFO  MainController:59 - Visit main page
2018-05-23 12:33:16 INFO  OfferController:35 - Someone want to offer new article
2018-05-23 12:33:55 INFO  MainController:59 - Visit main page
2018-05-23 12:33:58 INFO  OfferController:35 - Someone want to offer new article
2018-05-23 12:34:09 INFO  OfferController:35 - Someone want to offer new article
2018-05-23 12:34:11 INFO  OfferController:35 - Someone want to offer new article
2018-05-23 12:34:12 INFO  MainController:59 - Visit main page
2018-05-23 12:34:13 INFO  OfferController:35 - Someone want to offer new article
2018-05-23 12:34:15 INFO  MainController:59 - Visit main page
2018-05-23 12:34:16 INFO  OfferController:35 - Someone want to offer new article
2018-05-23 12:34:25 INFO  OfferController:35 - Someone want to offer new article
2018-05-23 12:34:55 INFO  OfferController:35 - Someone want to offer new article
2018-05-23 12:35:00 INFO  OfferController:35 - Someone want to offer new article
2018-05-23 12:35:06 INFO  MainController:59 - Visit main page
2018-05-23 12:35:08 INFO  OfferController:35 - Someone want to offer new article
2018-05-23 12:35:40 INFO  OfferController:35 - Someone want to offer new article
2018-05-23 12:35:45 INFO  MainController:59 - Visit main page
2018-05-23 12:40:12 INFO  MainController:59 - Visit main page
2018-05-23 12:40:39 INFO  MainController:59 - Visit main page
2018-05-23 12:45:33 INFO  MainController:59 - Visit main page
2018-05-23 12:47:59 INFO  MainController:59 - Visit main page
2018-05-23 12:57:58 INFO  MainController:59 - Visit main page
2018-05-23 12:58:44 INFO  MainController:59 - Visit main page
2018-05-23 12:58:46 INFO  MainController:59 - Visit main page
2018-05-23 13:00:42 INFO  MainController:59 - Visit main page
2018-05-23 13:03:52 INFO  MainController:59 - Visit main page
2018-05-23 13:06:14 INFO  MainController:59 - Visit main page
2018-05-23 13:07:17 INFO  OfferController:35 - Someone want to offer new article
2018-05-23 13:13:51 INFO  OfferController:52 - New Article Offered
2018-05-23 13:13:59 INFO  OfferController:76 - Load Offered Articles: 1
