/!\ FAILSAFE /!\  2017-11-23 19:11:59 +0300
  Status: 500 Internal Server Error
  The driver encountered an error: Access denied for user 'root'@'localhost' (using password: NO)
    /home/prostrmk/.netbeans/8.2/jruby/lib/ruby/gems/shared/gems/activerecord-jdbc-adapter-0.9.6-java/lib/active_record/connection_adapters/jdbc_adapter.rb:342:in `initialize'
    /home/prostrmk/.netbeans/8.2/jruby/lib/ruby/gems/shared/gems/activerecord-jdbc-adapter-0.9.6-java/lib/active_record/connection_adapters/jdbc_adapter.rb:474:in `initialize'
    /home/prostrmk/.netbeans/8.2/jruby/lib/ruby/gems/shared/gems/activerecord-jdbc-adapter-0.9.6-java/lib/active_record/connection_adapters/jdbc_adapter.rb:49:in `jdbc_connection'
    /home/prostrmk/.netbeans/8.2/jruby/lib/ruby/gems/shared/gems/activerecord-jdbc-adapter-0.9.6-java/lib/jdbc_adapter/jdbc_mysql.rb:21:in `mysql_connection'
    org/jruby/RubyBasicObject.java:1683:in `__send__'
    org/jruby/RubyKernel.java:2107:in `send'
    /home/prostrmk/.netbeans/8.2/jruby/lib/ruby/gems/shared/gems/activerecord-2.3.8/lib/active_record/connection_adapters/abstract/connection_pool.rb:223:in `new_connection'
    /home/prostrmk/.netbeans/8.2/jruby/lib/ruby/gems/shared/gems/activerecord-2.3.8/lib/active_record/connection_adapters/abstract/connection_pool.rb:245:in `checkout_new_connection'
    /home/prostrmk/.netbeans/8.2/jruby/lib/ruby/gems/shared/gems/activerecord-2.3.8/lib/active_record/connection_adapters/abstract/connection_pool.rb:188:in `checkout'
    org/jruby/RubyKernel.java:1409:in `loop'
    /home/prostrmk/.netbeans/8.2/jruby/lib/ruby/gems/shared/gems/activerecord-2.3.8/lib/active_record/connection_adapters/abstract/connection_pool.rb:184:in `checkout'
    /home/prostrmk/.netbeans/8.2/jruby/lib/ruby/1.9/monitor.rb:211:in `mon_synchronize'
    /home/prostrmk/.netbeans/8.2/jruby/lib/ruby/gems/shared/gems/activerecord-2.3.8/lib/active_record/connection_adapters/abstract/connection_pool.rb:183:in `checkout'
    /home/prostrmk/.netbeans/8.2/jruby/lib/ruby/gems/shared/gems/activerecord-2.3.8/lib/active_record/connection_adapters/abstract/connection_pool.rb:98:in `connection'
    /home/prostrmk/.netbeans/8.2/jruby/lib/ruby/gems/shared/gems/activerecord-2.3.8/lib/active_record/connection_adapters/abstract/connection_pool.rb:326:in `retrieve_connection'
    /home/prostrmk/.netbeans/8.2/jruby/lib/ruby/gems/shared/gems/activerecord-2.3.8/lib/active_record/connection_adapters/abstract/connection_specification.rb:123:in `retrieve_connection'
    /home/prostrmk/.netbeans/8.2/jruby/lib/ruby/gems/shared/gems/activerecord-2.3.8/lib/active_record/connection_adapters/abstract/connection_specification.rb:115:in `connection'
    /home/prostrmk/.netbeans/8.2/jruby/lib/ruby/gems/shared/gems/activerecord-2.3.8/lib/active_record/query_cache.rb:9:in `cache'
    /home/prostrmk/.netbeans/8.2/jruby/lib/ruby/gems/shared/gems/activerecord-2.3.8/lib/active_record/query_cache.rb:28:in `call'
    /home/prostrmk/.netbeans/8.2/jruby/lib/ruby/gems/shared/gems/activerecord-2.3.8/lib/active_record/connection_adapters/abstract/connection_pool.rb:361:in `call'
    /home/prostrmk/.netbeans/8.2/jruby/lib/ruby/gems/shared/gems/actionpack-2.3.8/lib/action_controller/string_coercion.rb:25:in `call'
    /home/prostrmk/.netbeans/8.2/jruby/lib/ruby/gems/shared/gems/rack-1.1.0/lib/rack/head.rb:9:in `call'
    /home/prostrmk/.netbeans/8.2/jruby/lib/ruby/gems/shared/gems/rack-1.1.0/lib/rack/methodoverride.rb:24:in `call'
    /home/prostrmk/.netbeans/8.2/jruby/lib/ruby/gems/shared/gems/actionpack-2.3.8/lib/action_controller/params_parser.rb:15:in `call'
    /home/prostrmk/.netbeans/8.2/jruby/lib/ruby/gems/shared/gems/actionpack-2.3.8/lib/action_controller/session/cookie_store.rb:99:in `call'
    /home/prostrmk/.netbeans/8.2/jruby/lib/ruby/gems/shared/gems/actionpack-2.3.8/lib/action_controller/failsafe.rb:26:in `call'
    /home/prostrmk/.netbeans/8.2/jruby/lib/ruby/gems/shared/gems/rack-1.1.0/lib/rack/lock.rb:11:in `call'
    org/jruby/ext/thread/Mutex.java:149:in `synchronize'
    /home/prostrmk/.netbeans/8.2/jruby/lib/ruby/gems/shared/gems/rack-1.1.0/lib/rack/lock.rb:11:in `call'
    /home/prostrmk/.netbeans/8.2/jruby/lib/ruby/gems/shared/gems/actionpack-2.3.8/lib/action_controller/dispatcher.rb:114:in `call'
    /home/prostrmk/.netbeans/8.2/jruby/lib/ruby/gems/shared/gems/actionpack-2.3.8/lib/action_controller/reloader.rb:34:in `run'
    /home/prostrmk/.netbeans/8.2/jruby/lib/ruby/gems/shared/gems/actionpack-2.3.8/lib/action_controller/dispatcher.rb:108:in `call'
    /home/prostrmk/.netbeans/8.2/jruby/lib/ruby/gems/shared/gems/rails-2.3.8/lib/rails/rack/static.rb:31:in `call'
    /home/prostrmk/.netbeans/8.2/jruby/lib/ruby/gems/shared/gems/rack-1.1.0/lib/rack/urlmap.rb:49:in `call'
    org/jruby/RubyArray.java:1613:in `each'
    /home/prostrmk/.netbeans/8.2/jruby/lib/ruby/gems/shared/gems/rack-1.1.0/lib/rack/urlmap.rb:41:in `call'
    /home/prostrmk/.netbeans/8.2/jruby/lib/ruby/gems/shared/gems/rails-2.3.8/lib/rails/rack/log_tailer.rb:17:in `call'
    /home/prostrmk/.netbeans/8.2/jruby/lib/ruby/gems/shared/gems/rack-1.1.0/lib/rack/content_length.rb:13:in `call'
    /home/prostrmk/.netbeans/8.2/jruby/lib/ruby/gems/shared/gems/rack-1.1.0/lib/rack/handler/webrick.rb:48:in `service'
    /home/prostrmk/.netbeans/8.2/jruby/lib/ruby/1.9/webrick/httpserver.rb:138:in `service'
    /home/prostrmk/.netbeans/8.2/jruby/lib/ruby/1.9/webrick/httpserver.rb:94:in `run'
    /home/prostrmk/.netbeans/8.2/jruby/lib/ruby/1.9/webrick/server.rb:191:in `start_thread'
